#! /opt/homebrew/Cellar/icarus-verilog/12.0/bin/vvp
:ivl_version "12.0 (stable)";
:ivl_delay_selection "TYPICAL";
:vpi_time_precision + 0;
:vpi_module "/opt/homebrew/Cellar/icarus-verilog/12.0/lib/ivl/system.vpi";
:vpi_module "/opt/homebrew/Cellar/icarus-verilog/12.0/lib/ivl/vhdl_sys.vpi";
:vpi_module "/opt/homebrew/Cellar/icarus-verilog/12.0/lib/ivl/vhdl_textio.vpi";
:vpi_module "/opt/homebrew/Cellar/icarus-verilog/12.0/lib/ivl/v2005_math.vpi";
:vpi_module "/opt/homebrew/Cellar/icarus-verilog/12.0/lib/ivl/va_math.vpi";
S_0x133e091e0 .scope module, "test" "test" 2 1;
 .timescale 0 0;
v0x133e20ec0_0 .net "nq", 0 0, L_0x133e21630;  1 drivers
v0x133e20f60_0 .net "q", 0 0, L_0x133e21550;  1 drivers
v0x133e21010_0 .var "reset", 0 0;
v0x133e210e0_0 .var "set", 0 0;
S_0x133e09350 .scope module, "latch" "latchRS" 2 5, 3 1 0, S_0x133e091e0;
 .timescale 0 0;
    .port_info 0 /OUTPUT 1 "q";
    .port_info 1 /OUTPUT 1 "notq";
    .port_info 2 /INPUT 1 "r";
    .port_info 3 /INPUT 1 "s";
L_0x133e21190 .functor OR 1, v0x133e21010_0, L_0x133e21460, C4<0>, C4<0>;
L_0x133e21280 .functor OR 1, v0x133e210e0_0, L_0x133e21370, C4<0>, C4<0>;
L_0x133e21370 .functor NOT 1, L_0x133e21190, C4<0>, C4<0>, C4<0>;
L_0x133e21460 .functor NOT 1, L_0x133e21280, C4<0>, C4<0>, C4<0>;
L_0x133e21550 .functor BUFZ 1, L_0x133e21370, C4<0>, C4<0>, C4<0>;
L_0x133e21630 .functor BUFZ 1, L_0x133e21460, C4<0>, C4<0>, C4<0>;
v0x133e09570_0 .net "notq", 0 0, L_0x133e21630;  alias, 1 drivers
v0x133e209d0_0 .net "q", 0 0, L_0x133e21550;  alias, 1 drivers
v0x133e20a70_0 .net "r", 0 0, v0x133e21010_0;  1 drivers
v0x133e20b20_0 .net "s", 0 0, v0x133e210e0_0;  1 drivers
v0x133e20bc0_0 .net "wOut1", 0 0, L_0x133e21370;  1 drivers
v0x133e20ca0_0 .net "wOut2", 0 0, L_0x133e21460;  1 drivers
v0x133e20d40_0 .net "wR", 0 0, L_0x133e21190;  1 drivers
v0x133e20de0_0 .net "wS", 0 0, L_0x133e21280;  1 drivers
    .scope S_0x133e091e0;
T_0 ;
    %pushi/vec4 1, 0, 1;
    %store/vec4 v0x133e210e0_0, 0, 1;
    %pushi/vec4 0, 0, 1;
    %store/vec4 v0x133e21010_0, 0, 1;
    %vpi_call 2 12 "$dumpfile", "latch.vcd" {0 0 0};
    %vpi_call 2 13 "$dumpvars" {0 0 0};
    %delay 1, 0;
    %vpi_call 2 15 "$display", "set: %b, reset:  %b -> out: %b", v0x133e210e0_0, v0x133e21010_0, v0x133e20f60_0 {0 0 0};
    %delay 20, 0;
    %pushi/vec4 0, 0, 1;
    %store/vec4 v0x133e210e0_0, 0, 1;
    %pushi/vec4 0, 0, 1;
    %store/vec4 v0x133e21010_0, 0, 1;
    %delay 1, 0;
    %vpi_call 2 22 "$display", "set: %b, reset:  %b -> out: %b", v0x133e210e0_0, v0x133e21010_0, v0x133e20f60_0 {0 0 0};
    %delay 20, 0;
    %pushi/vec4 0, 0, 1;
    %store/vec4 v0x133e210e0_0, 0, 1;
    %pushi/vec4 1, 0, 1;
    %store/vec4 v0x133e21010_0, 0, 1;
    %delay 1, 0;
    %vpi_call 2 29 "$display", "set: %b, reset:  %b -> out: %b", v0x133e210e0_0, v0x133e21010_0, v0x133e20f60_0 {0 0 0};
    %delay 20, 0;
    %pushi/vec4 0, 0, 1;
    %store/vec4 v0x133e210e0_0, 0, 1;
    %pushi/vec4 0, 0, 1;
    %store/vec4 v0x133e21010_0, 0, 1;
    %delay 1, 0;
    %vpi_call 2 36 "$display", "set: %b, reset:  %b -> out: %b", v0x133e210e0_0, v0x133e21010_0, v0x133e20f60_0 {0 0 0};
    %delay 20, 0;
    %pushi/vec4 1, 0, 1;
    %store/vec4 v0x133e210e0_0, 0, 1;
    %pushi/vec4 0, 0, 1;
    %store/vec4 v0x133e21010_0, 0, 1;
    %delay 1, 0;
    %vpi_call 2 42 "$display", "set: %b, reset:  %b -> out: %b", v0x133e210e0_0, v0x133e21010_0, v0x133e20f60_0 {0 0 0};
    %delay 1, 0;
    %vpi_call 2 43 "$finish" {0 0 0};
    %end;
    .thread T_0;
# The file index is used to find the file name in the following table.
:file_names 4;
    "N/A";
    "<interactive>";
    "test_latch.v";
    "latchRS.v";
